<?xml version="1.0" encoding="UTF-8"?>
<testng-results ignored="0" total="5" passed="5" failed="0" skipped="0">
  <reporter-output>
  </reporter-output>
  <suite started-at="2025-08-06T17:41:15 IST" name="Default suite" finished-at="2025-08-06T17:42:29 IST" duration-ms="73793">
    <groups>
      <group name="cucumber">
        <method signature="AbstractTestNGCucumberTests.runScenario(io.cucumber.testng.PickleWrapper,io.cucumber.testng.FeatureWrapper)[pri:0, instance:Hybrid_Test_Runner@c0c2f8d]" name="runScenario" class="io.cucumber.testng.AbstractTestNGCucumberTests"/>
      </group> <!-- cucumber -->
    </groups>
    <test started-at="2025-08-06T17:41:15 IST" name="Default test" finished-at="2025-08-06T17:42:29 IST" duration-ms="73793">
      <class name="Hybrid_Test_Runner">
        <test-method is-config="true" signature="setUpClass(org.testng.ITestContext)[pri:0, instance:Hybrid_Test_Runner@c0c2f8d]" started-at="2025-08-06T17:41:16 IST" name="setUpClass" finished-at="2025-08-06T17:41:17 IST" duration-ms="1404" status="PASS">
          <params>
            <param index="0">
              <value>
                <![CDATA[org.testng.TestRunner@289fdb08]]>
              </value>
            </param>
          </params>
          <reporter-output>
          </reporter-output>
        </test-method> <!-- setUpClass -->
        <test-method signature="runScenario(io.cucumber.testng.PickleWrapper,io.cucumber.testng.FeatureWrapper)[pri:0, instance:Hybrid_Test_Runner@c0c2f8d]" started-at="2025-08-06T17:41:17 IST" name="runScenario" description="Runs Cucumber Scenarios" data-provider="scenarios" finished-at="2025-08-06T17:41:41 IST" duration-ms="23978" status="PASS">
          <params>
            <param index="0">
              <value>
                <![CDATA[""]]>
              </value>
            </param>
            <param index="1">
              <value>
                <![CDATA["Login Funtionality Testing"]]>
              </value>
            </param>
          </params>
          <reporter-output>
          </reporter-output>
        </test-method> <!-- runScenario -->
        <test-method signature="runScenario(io.cucumber.testng.PickleWrapper,io.cucumber.testng.FeatureWrapper)[pri:0, instance:Hybrid_Test_Runner@c0c2f8d]" started-at="2025-08-06T17:41:41 IST" name="runScenario" description="Runs Cucumber Scenarios" data-provider="scenarios" finished-at="2025-08-06T17:41:55 IST" duration-ms="14204" status="PASS">
          <params>
            <param index="0">
              <value>
                <![CDATA["Testing login with different data"]]>
              </value>
            </param>
            <param index="1">
              <value>
                <![CDATA["Login Funtionality Testing"]]>
              </value>
            </param>
          </params>
          <reporter-output>
          </reporter-output>
        </test-method> <!-- runScenario -->
        <test-method signature="runScenario(io.cucumber.testng.PickleWrapper,io.cucumber.testng.FeatureWrapper)[pri:0, instance:Hybrid_Test_Runner@c0c2f8d]" started-at="2025-08-06T17:41:55 IST" name="runScenario" description="Runs Cucumber Scenarios" data-provider="scenarios" finished-at="2025-08-06T17:42:08 IST" duration-ms="12464" status="PASS">
          <params>
            <param index="0">
              <value>
                <![CDATA["Testing login with different data"]]>
              </value>
            </param>
            <param index="1">
              <value>
                <![CDATA["Login Funtionality Testing"]]>
              </value>
            </param>
          </params>
          <reporter-output>
          </reporter-output>
        </test-method> <!-- runScenario -->
        <test-method signature="runScenario(io.cucumber.testng.PickleWrapper,io.cucumber.testng.FeatureWrapper)[pri:0, instance:Hybrid_Test_Runner@c0c2f8d]" started-at="2025-08-06T17:42:08 IST" name="runScenario" description="Runs Cucumber Scenarios" data-provider="scenarios" finished-at="2025-08-06T17:42:19 IST" duration-ms="10994" status="PASS">
          <params>
            <param index="0">
              <value>
                <![CDATA["Testing login with different data"]]>
              </value>
            </param>
            <param index="1">
              <value>
                <![CDATA["Login Funtionality Testing"]]>
              </value>
            </param>
          </params>
          <reporter-output>
          </reporter-output>
        </test-method> <!-- runScenario -->
        <test-method signature="runScenario(io.cucumber.testng.PickleWrapper,io.cucumber.testng.FeatureWrapper)[pri:0, instance:Hybrid_Test_Runner@c0c2f8d]" started-at="2025-08-06T17:42:19 IST" name="runScenario" description="Runs Cucumber Scenarios" data-provider="scenarios" finished-at="2025-08-06T17:42:29 IST" duration-ms="10283" status="PASS">
          <params>
            <param index="0">
              <value>
                <![CDATA["Testing login with different data"]]>
              </value>
            </param>
            <param index="1">
              <value>
                <![CDATA["Login Funtionality Testing"]]>
              </value>
            </param>
          </params>
          <reporter-output>
          </reporter-output>
        </test-method> <!-- runScenario -->
        <test-method is-config="true" signature="tearDownClass()[pri:0, instance:Hybrid_Test_Runner@c0c2f8d]" started-at="2025-08-06T17:42:29 IST" name="tearDownClass" finished-at="2025-08-06T17:42:29 IST" duration-ms="8" status="PASS">
          <reporter-output>
          </reporter-output>
        </test-method> <!-- tearDownClass -->
      </class> <!-- Hybrid_Test_Runner -->
    </test> <!-- Default test -->
  </suite> <!-- Default suite -->
</testng-results>
