<?xml version="1.0" encoding="UTF-8"?>
<!-- Generated by org.testng.reporters.JUnitXMLReporter -->
<testsuite ignored="0" hostname="Balas-MacBook-Pro.local" failures="5" tests="5" name="safaritest" time="0.012" errors="0" timestamp="2025-08-07T08:10:08 IST">
  <testcase classname="io.cucumber.testng.AbstractTestNGCucumberTests" name="runScenario" time="0.002">
    <failure type="java.lang.NullPointerException" message="Cannot invoke &amp;quot;org.openqa.selenium.WebDriver.manage()&amp;quot; because &amp;quot;this.driver&amp;quot; is null">
      <![CDATA[java.lang.NullPointerException: Cannot invoke "org.openqa.selenium.WebDriver.manage()" because "this.driver" is null
at stepdefinitions.Login_steps.browser_launch(Login_steps.java:24)
at ✽.Browser has launched(file:///Users/balaseshagiriprasadmunagala/eclipse-workspace/Hybrid_Automation_Framework/Features/LoginFeature.feature:4)
]]>
    </failure>
  </testcase> <!-- runScenario -->
  <testcase classname="io.cucumber.testng.AbstractTestNGCucumberTests" name="runScenario" time="0.001">
    <failure type="java.lang.NullPointerException" message="Cannot invoke &amp;quot;org.openqa.selenium.WebDriver.manage()&amp;quot; because &amp;quot;this.driver&amp;quot; is null">
      <![CDATA[java.lang.NullPointerException: Cannot invoke "org.openqa.selenium.WebDriver.manage()" because "this.driver" is null
at stepdefinitions.Login_steps.browser_launch(Login_steps.java:24)
at ✽.Browser has launched(file:///Users/balaseshagiriprasadmunagala/eclipse-workspace/Hybrid_Automation_Framework/Features/LoginFeature.feature:13)
]]>
    </failure>
  </testcase> <!-- runScenario -->
  <testcase classname="io.cucumber.testng.AbstractTestNGCucumberTests" name="runScenario" time="0.001">
    <failure type="java.lang.NullPointerException" message="Cannot invoke &amp;quot;org.openqa.selenium.WebDriver.manage()&amp;quot; because &amp;quot;this.driver&amp;quot; is null">
      <![CDATA[java.lang.NullPointerException: Cannot invoke "org.openqa.selenium.WebDriver.manage()" because "this.driver" is null
at stepdefinitions.Login_steps.browser_launch(Login_steps.java:24)
at ✽.Browser has launched(file:///Users/balaseshagiriprasadmunagala/eclipse-workspace/Hybrid_Automation_Framework/Features/LoginFeature.feature:13)
]]>
    </failure>
  </testcase> <!-- runScenario -->
  <testcase classname="io.cucumber.testng.AbstractTestNGCucumberTests" name="runScenario" time="0.002">
    <failure type="java.lang.NullPointerException" message="Cannot invoke &amp;quot;org.openqa.selenium.WebDriver.manage()&amp;quot; because &amp;quot;this.driver&amp;quot; is null">
      <![CDATA[java.lang.NullPointerException: Cannot invoke "org.openqa.selenium.WebDriver.manage()" because "this.driver" is null
at stepdefinitions.Login_steps.browser_launch(Login_steps.java:24)
at ✽.Browser has launched(file:///Users/balaseshagiriprasadmunagala/eclipse-workspace/Hybrid_Automation_Framework/Features/LoginFeature.feature:13)
]]>
    </failure>
  </testcase> <!-- runScenario -->
  <testcase classname="io.cucumber.testng.AbstractTestNGCucumberTests" name="runScenario" time="0.001">
    <failure type="java.lang.NullPointerException" message="Cannot invoke &amp;quot;org.openqa.selenium.WebDriver.manage()&amp;quot; because &amp;quot;this.driver&amp;quot; is null">
      <![CDATA[java.lang.NullPointerException: Cannot invoke "org.openqa.selenium.WebDriver.manage()" because "this.driver" is null
at stepdefinitions.Login_steps.browser_launch(Login_steps.java:24)
at ✽.Browser has launched(file:///Users/balaseshagiriprasadmunagala/eclipse-workspace/Hybrid_Automation_Framework/Features/LoginFeature.feature:13)
]]>
    </failure>
  </testcase> <!-- runScenario -->
</testsuite> <!-- safaritest -->
